Base path: C:/Program Files (x86)/Unity/Editor/Data
Pipe name: \\.\pipe\UnityShaderCompiler-1-12592
Cmd: getPlatforms
Cmd: compileSnippet
  api=4 type=0 insize=2053 outsize=3671 kw=LIGHTMAP_ON ok=1
Cmd: compileSnippet
  api=4 type=1 insize=2053 outsize=2550 kw=LIGHTMAP_ON ok=1
Cmd: compileSnippet
  api=4 type=0 insize=1118 outsize=1493 kw=LIGHTMAP_ON ok=1
Cmd: compileSnippet
  api=4 type=1 insize=1118 outsize=1030 kw=LIGHTMAP_ON ok=1
Cmd: compileSnippet
  api=4 type=0 insize=2697 outsize=5702 kw= ok=1
Cmd: compileSnippet
  api=4 type=1 insize=2697 outsize=2493 kw= ok=1
Cmd: compileSnippet
  api=4 type=0 insize=715 outsize=1225 kw= ok=1
Cmd: compileSnippet
  api=4 type=1 insize=715 outsize=600 kw= ok=1
Cmd: compileSnippet
  api=4 type=0 insize=2053 outsize=3622 kw=LIGHTMAP_OFF ok=1
Cmd: compileSnippet
  api=4 type=1 insize=2053 outsize=2290 kw=LIGHTMAP_OFF ok=1
Cmd: compileSnippet
  api=4 type=0 insize=1118 outsize=1493 kw=LIGHTMAP_OFF ok=1
Cmd: compileSnippet
  api=4 type=1 insize=1118 outsize=746 kw=LIGHTMAP_OFF ok=1
