Base path: C:/Program Files (x86)/Unity/Editor/Data
Pipe name: \\.\pipe\UnityShaderCompiler-1-11624
Cmd: getPlatforms
Cmd: preprocess
  insize=1099 outsize=1250 ok=1
Cmd: compileSnippet
  api=4 type=0 insize=5424 outsize=4012 kw=DIRECTIONAL LIGHTMAP_OFF DIRLIGHTMAP_OFF ok=1
Cmd: compileSnippet
  api=4 type=1 insize=5424 outsize=2639 kw=DIRECTIONAL LIGHTMAP_OFF DIRLIGHTMAP_OFF ok=1
Cmd: compileSnippet
  api=4 type=0 insize=2693 outsize=3053 kw=POINT ok=1
Cmd: compileSnippet
  api=4 type=1 insize=2693 outsize=2558 kw=POINT ok=1
Cmd: compileSnippet
  api=4 type=0 insize=2693 outsize=2338 kw=DIRECTIONAL ok=1
Cmd: compileSnippet
  api=4 type=1 insize=2693 outsize=2119 kw=DIRECTIONAL ok=1
Cmd: compileSnippet
  api=4 type=0 insize=2693 outsize=3053 kw=SPOT ok=1
Cmd: compileSnippet
  api=4 type=1 insize=2693 outsize=2997 kw=SPOT ok=1
Cmd: compileSnippet
  api=4 type=0 insize=5424 outsize=2932 kw=DIRECTIONAL LIGHTMAP_ON DIRLIGHTMAP_ON ok=1
Cmd: compileSnippet
  api=4 type=1 insize=5424 outsize=3062 kw=DIRECTIONAL LIGHTMAP_ON DIRLIGHTMAP_ON ok=1
